0:	State(p={('on', 'b4', 'b3'), ('on', 'b1', 'table'), ('on', 'b2', 'b1'), ('on', 'b3', 'b2')}, clk=0)
1:	State(p={('hold', 'a1', 'b1'), ('hold', 'a3', 'b3'), ('on', 'b4', 'table'), ('hold', 'a2', 'b2')}, clk=1)
2:	State(p={('hold', 'a3', 'b4'), ('on', 'b1', 'table'), ('on', 'b2', 'b1'), ('on', 'b3', 'b2')}, clk=1)
3:	State(p={('hold', 'a1', 'b1'), ('hold', 'a3', 'b4'), ('on', 'b3', 'table'), ('hold', 'a2', 'b2')}, clk=1)
4:	State(p={('hold', 'a3', 'b4'), ('on', 'b3', 'b2'), ('on', 'b2', 'table'), ('hold', 'a1', 'b1')}, clk=1)
5:	State(p={('on', 'b4', 'b2'), ('hold', 'a3', 'b3'), ('on', 'b2', 'table'), ('hold', 'a1', 'b1')}, clk=1)
6:	State(p={('on', 'b1', 'table'), ('on', 'b4', 'b1'), ('hold', 'a3', 'b3'), ('hold', 'a2', 'b2')}, clk=1)
7:	State(p={('on', 'b1', 'table'), ('on', 'b4', 'b2'), ('on', 'b2', 'b1'), ('hold', 'a3', 'b3')}, clk=1)
8:	State(p={('hold', 'a1', 'b1'), ('on', 'b4', 'b3'), ('on', 'b3', 'table'), ('hold', 'a2', 'b2')}, clk=1)
9:	State(p={('on', 'b4', 'b3'), ('on', 'b1', 'table'), ('on', 'b3', 'b1'), ('hold', 'a2', 'b2')}, clk=1)
10:	State(p={('hold', 'a3', 'b4'), ('on', 'b1', 'table'), ('on', 'b3', 'b1'), ('hold', 'a2', 'b2')}, clk=1)
11:	State(p={('on', 'b4', 'b3'), ('on', 'b3', 'b2'), ('on', 'b2', 'table'), ('hold', 'a1', 'b1')}, clk=1)
12:	State(p={('on', 'b1', 'b4'), ('hold', 'a3', 'b3'), ('on', 'b4', 'table'), ('hold', 'a2', 'b2')}, clk=2)
13:	State(p={('hold', 'a3', 'b3'), ('on', 'b4', 'table'), ('on', 'b2', 'b4'), ('hold', 'a1', 'b1')}, clk=2)
14:	State(p={('hold', 'a1', 'b1'), ('on', 'b4', 'table'), ('on', 'b3', 'b4'), ('hold', 'a2', 'b2')}, clk=2)
15:	State(p={('hold', 'a3', 'b4'), ('on', 'b1', 'table'), ('on', 'b3', 'b1'), ('hold', 'a2', 'b2')}, clk=2)
16:	State(p={('hold', 'a1', 'b1'), ('on', 'b4', 'b3'), ('on', 'b3', 'table'), ('hold', 'a2', 'b2')}, clk=2)
17:	State(p={('on', 'b1', 'table'), ('on', 'b4', 'b3'), ('on', 'b3', 'b1'), ('hold', 'a2', 'b2')}, clk=2)
18:	State(p={('hold', 'a3', 'b4'), ('on', 'b3', 'b2'), ('on', 'b2', 'table'), ('hold', 'a1', 'b1')}, clk=2)
19:	State(p={('on', 'b4', 'b3'), ('on', 'b3', 'b2'), ('on', 'b2', 'table'), ('hold', 'a1', 'b1')}, clk=2)
20:	State(p={('on', 'b1', 'table'), ('on', 'b4', 'b3'), ('on', 'b2', 'b1'), ('on', 'b3', 'b2')}, clk=2)
21:	State(p={('hold', 'a1', 'b1'), ('hold', 'a3', 'b4'), ('on', 'b3', 'table'), ('hold', 'a2', 'b2')}, clk=2)
22:	State(p={('hold', 'a3', 'b4'), ('on', 'b2', 'b3'), ('on', 'b3', 'table'), ('hold', 'a1', 'b1')}, clk=2)
23:	State(p={('on', 'b1', 'b3'), ('hold', 'a3', 'b4'), ('on', 'b3', 'table'), ('hold', 'a2', 'b2')}, clk=2)
24:	State(p={('on', 'b1', 'b3'), ('hold', 'a3', 'b4'), ('on', 'b3', 'b2'), ('on', 'b2', 'table')}, clk=2)
25:	State(p={('on', 'b1', 'b4'), ('on', 'b4', 'b2'), ('on', 'b2', 'table'), ('hold', 'a3', 'b3')}, clk=2)
26:	State(p={('on', 'b2', 'table'), ('on', 'b4', 'b2'), ('on', 'b3', 'b4'), ('hold', 'a1', 'b1')}, clk=2)
27:	State(p={('hold', 'a1', 'b1'), ('hold', 'a3', 'b3'), ('on', 'b4', 'table'), ('hold', 'a2', 'b2')}, clk=2)
28:	State(p={('on', 'b1', 'table'), ('on', 'b4', 'b1'), ('on', 'b3', 'b4'), ('hold', 'a2', 'b2')}, clk=2)
29:	State(p={('on', 'b1', 'table'), ('on', 'b4', 'b1'), ('on', 'b2', 'b4'), ('hold', 'a3', 'b3')}, clk=2)
30:	State(p={('hold', 'a1', 'b1'), ('on', 'b4', 'b2'), ('on', 'b2', 'table'), ('hold', 'a3', 'b3')}, clk=2)
31:	State(p={('on', 'b1', 'table'), ('on', 'b4', 'b2'), ('on', 'b2', 'b1'), ('on', 'b3', 'b4')}, clk=2)
32:	State(p={('on', 'b1', 'table'), ('on', 'b4', 'b1'), ('hold', 'a3', 'b3'), ('hold', 'a2', 'b2')}, clk=2)
33:	State(p={('on', 'b3', 'table'), ('on', 'b4', 'b3'), ('on', 'b1', 'b4'), ('hold', 'a2', 'b2')}, clk=2)
34:	State(p={('on', 'b4', 'b3'), ('on', 'b3', 'table'), ('on', 'b2', 'b4'), ('hold', 'a1', 'b1')}, clk=2)
35:	State(p={('on', 'b4', 'b3'), ('on', 'b1', 'table'), ('on', 'b3', 'b1'), ('on', 'b2', 'b4')}, clk=2)
36:	State(p={('hold', 'a3', 'b4'), ('on', 'b1', 'table'), ('on', 'b2', 'b3'), ('on', 'b3', 'b1')}, clk=2)
37:	State(p={('on', 'b4', 'b3'), ('on', 'b3', 'b2'), ('on', 'b1', 'b4'), ('on', 'b2', 'table')}, clk=2)
38:	State(p={('hold', 'a1', 'b1'), ('hold', 'a3', 'b3'), ('on', 'b4', 'table'), ('hold', 'a2', 'b2')}, clk=3)
39:	State(p={('on', 'b3', 'b1'), ('on', 'b1', 'b4'), ('on', 'b4', 'table'), ('hold', 'a2', 'b2')}, clk=3)
40:	State(p={('on', 'b1', 'b4'), ('on', 'b4', 'table'), ('on', 'b2', 'b1'), ('hold', 'a3', 'b3')}, clk=3)
41:	State(p={('on', 'b1', 'b2'), ('on', 'b4', 'table'), ('on', 'b2', 'b4'), ('hold', 'a3', 'b3')}, clk=3)
42:	State(p={('on', 'b1', 'b4'), ('hold', 'a3', 'b3'), ('on', 'b4', 'table'), ('hold', 'a2', 'b2')}, clk=3)
43:	State(p={('on', 'b2', 'b4'), ('on', 'b4', 'table'), ('on', 'b3', 'b2'), ('hold', 'a1', 'b1')}, clk=3)
44:	State(p={('hold', 'a3', 'b4'), ('on', 'b2', 'b3'), ('on', 'b3', 'table'), ('hold', 'a1', 'b1')}, clk=3)
45:	State(p={('on', 'b1', 'b3'), ('on', 'b4', 'table'), ('on', 'b3', 'b4'), ('hold', 'a2', 'b2')}, clk=3)
46:	State(p={('on', 'b1', 'b3'), ('hold', 'a3', 'b4'), ('on', 'b3', 'table'), ('hold', 'a2', 'b2')}, clk=3)
47:	State(p={('on', 'b2', 'b3'), ('on', 'b4', 'table'), ('on', 'b3', 'b4'), ('hold', 'a1', 'b1')}, clk=3)
48:	State(p={('hold', 'a1', 'b1'), ('hold', 'a3', 'b4'), ('on', 'b3', 'table'), ('hold', 'a2', 'b2')}, clk=3)
49:	State(p={('hold', 'a1', 'b1'), ('on', 'b4', 'table'), ('on', 'b2', 'b4'), ('hold', 'a3', 'b3')}, clk=3)
50:	State(p={('on', 'b1', 'table'), ('on', 'b4', 'b3'), ('on', 'b3', 'b1'), ('hold', 'a2', 'b2')}, clk=3)
51:	State(p={('hold', 'a3', 'b4'), ('on', 'b1', 'table'), ('on', 'b2', 'b3'), ('on', 'b3', 'b1')}, clk=3)
52:	State(p={('on', 'b3', 'table'), ('on', 'b4', 'b3'), ('hold', 'a2', 'b2'), ('hold', 'a1', 'b1')}, clk=3)
53:	State(p={('on', 'b3', 'table'), ('on', 'b4', 'b3'), ('on', 'b1', 'b4'), ('hold', 'a2', 'b2')}, clk=3)
54:	State(p={('on', 'b4', 'b3'), ('on', 'b3', 'table'), ('on', 'b2', 'b4'), ('hold', 'a1', 'b1')}, clk=3)
55:	State(p={('on', 'b1', 'table'), ('on', 'b4', 'b1'), ('on', 'b2', 'b4'), ('hold', 'a3', 'b3')}, clk=3)
56:	State(p={('on', 'b1', 'table'), ('on', 'b4', 'b3'), ('on', 'b3', 'b1'), ('on', 'b2', 'b4')}, clk=3)
57:	State(p={('hold', 'a3', 'b4'), ('on', 'b1', 'table'), ('on', 'b3', 'b1'), ('hold', 'a2', 'b2')}, clk=3)
58:	State(p={('on', 'b1', 'table'), ('on', 'b4', 'b1'), ('hold', 'a3', 'b3'), ('hold', 'a2', 'b2')}, clk=3)
59:	State(p={('on', 'b4', 'b3'), ('on', 'b3', 'b2'), ('on', 'b2', 'table'), ('hold', 'a1', 'b1')}, clk=3)
60:	State(p={('on', 'b1', 'b3'), ('hold', 'a3', 'b4'), ('on', 'b3', 'b2'), ('on', 'b2', 'table')}, clk=3)
61:	State(p={('on', 'b4', 'b2'), ('hold', 'a3', 'b3'), ('on', 'b2', 'table'), ('hold', 'a1', 'b1')}, clk=3)
62:	State(p={('on', 'b1', 'b4'), ('on', 'b4', 'b2'), ('on', 'b2', 'table'), ('hold', 'a3', 'b3')}, clk=3)
63:	State(p={('on', 'b4', 'b3'), ('on', 'b3', 'b2'), ('on', 'b1', 'b4'), ('on', 'b2', 'table')}, clk=3)
64:	State(p={('hold', 'a3', 'b4'), ('on', 'b3', 'b2'), ('on', 'b2', 'table'), ('hold', 'a1', 'b1')}, clk=3)
65:	State(p={('hold', 'a3', 'b4'), ('on', 'b1', 'table'), ('on', 'b2', 'b1'), ('on', 'b3', 'b2')}, clk=3)
66:	State(p={('on', 'b1', 'table'), ('on', 'b4', 'b2'), ('on', 'b2', 'b1'), ('hold', 'a3', 'b3')}, clk=3)
67:	State(p={('on', 'b4', 'b2'), ('on', 'b2', 'b3'), ('on', 'b3', 'table'), ('hold', 'a1', 'b1')}, clk=3)
68:	State(p={('hold', 'a3', 'b4'), ('on', 'b1', 'b2'), ('on', 'b2', 'b3'), ('on', 'b3', 'table')}, clk=3)
69:	State(p={('on', 'b1', 'b3'), ('hold', 'a3', 'b4'), ('on', 'b2', 'b1'), ('on', 'b3', 'table')}, clk=3)
70:	State(p={('on', 'b1', 'b3'), ('on', 'b4', 'b1'), ('on', 'b3', 'table'), ('hold', 'a2', 'b2')}, clk=3)
71:	State(p={('on', 'b1', 'b3'), ('on', 'b3', 'b2'), ('on', 'b4', 'b1'), ('on', 'b2', 'table')}, clk=3)
72:	State(p={('on', 'b1', 'b4'), ('on', 'b4', 'b2'), ('on', 'b3', 'b1'), ('on', 'b2', 'table')}, clk=3)
73:	State(p={('on', 'b1', 'b3'), ('on', 'b2', 'table'), ('on', 'b4', 'b2'), ('on', 'b3', 'b4')}, clk=3)
74:	State(p={('hold', 'a2', 'b2'), ('on', 'b4', 'table'), ('on', 'b3', 'b4'), ('hold', 'a1', 'b1')}, clk=3)
75:	State(p={('on', 'b1', 'table'), ('on', 'b4', 'b1'), ('on', 'b2', 'b3'), ('on', 'b3', 'b4')}, clk=3)
76:	State(p={('on', 'b1', 'table'), ('on', 'b4', 'b1'), ('on', 'b2', 'b4'), ('on', 'b3', 'b2')}, clk=3)
77:	State(p={('on', 'b2', 'table'), ('on', 'b4', 'b2'), ('on', 'b3', 'b4'), ('hold', 'a1', 'b1')}, clk=3)
78:	State(p={('on', 'b1', 'table'), ('on', 'b4', 'b1'), ('on', 'b3', 'b4'), ('hold', 'a2', 'b2')}, clk=3)
79:	State(p={('on', 'b4', 'b3'), ('on', 'b1', 'b4'), ('on', 'b2', 'b1'), ('on', 'b3', 'table')}, clk=3)
80:	State(p={('on', 'b1', 'b2'), ('on', 'b4', 'b3'), ('on', 'b2', 'b4'), ('on', 'b3', 'table')}, clk=3)
81:	State(p={('on', 'b1', 'table'), ('on', 'b4', 'b2'), ('on', 'b2', 'b3'), ('on', 'b3', 'b1')}, clk=3)
82:	State(p={('on', 'b1', 'b4'), ('hold', 'a3', 'b3'), ('on', 'b4', 'table'), ('hold', 'a2', 'b2')}, clk=4)
83:	State(p={('hold', 'a3', 'b3'), ('on', 'b4', 'table'), ('on', 'b2', 'b4'), ('hold', 'a1', 'b1')}, clk=4)
84:	State(p={('hold', 'a1', 'b1'), ('on', 'b4', 'table'), ('on', 'b3', 'b4'), ('hold', 'a2', 'b2')}, clk=4)
85:	State(p={('hold', 'a3', 'b4'), ('on', 'b2', 'b3'), ('on', 'b3', 'table'), ('hold', 'a1', 'b1')}, clk=4)
86:	State(p={('hold', 'a3', 'b4'), ('hold', 'a1', 'b1'), ('on', 'b3', 'table'), ('hold', 'a2', 'b2')}, clk=4)
87:	State(p={('hold', 'a3', 'b4'), ('on', 'b1', 'table'), ('on', 'b3', 'b1'), ('hold', 'a2', 'b2')}, clk=4)
88:	State(p={('on', 'b1', 'b4'), ('on', 'b4', 'table'), ('on', 'b2', 'b1'), ('hold', 'a3', 'b3')}, clk=4)
89:	State(p={('hold', 'a1', 'b1'), ('hold', 'a3', 'b3'), ('on', 'b4', 'table'), ('hold', 'a2', 'b2')}, clk=4)
90:	State(p={('on', 'b4', 'table'), ('on', 'b1', 'b4'), ('on', 'b3', 'b1'), ('on', 'b2', 'b3')}, clk=4)
91:	State(p={('on', 'b2', 'b3'), ('on', 'b4', 'table'), ('on', 'b3', 'b4'), ('hold', 'a1', 'b1')}, clk=4)
92:	State(p={('hold', 'a3', 'b4'), ('on', 'b1', 'table'), ('on', 'b2', 'b3'), ('on', 'b3', 'b1')}, clk=4)
93:	State(p={('on', 'b2', 'b4'), ('on', 'b4', 'table'), ('on', 'b3', 'b2'), ('hold', 'a1', 'b1')}, clk=4)
94:	State(p={('on', 'b1', 'b4'), ('on', 'b3', 'b2'), ('on', 'b4', 'table'), ('on', 'b2', 'b1')}, clk=4)
95:	State(p={('on', 'b1', 'b2'), ('on', 'b3', 'b1'), ('on', 'b4', 'table'), ('on', 'b2', 'b4')}, clk=4)
96:	State(p={('on', 'b3', 'b1'), ('on', 'b1', 'b4'), ('on', 'b4', 'table'), ('hold', 'a2', 'b2')}, clk=4)
97:	State(p={('on', 'b1', 'b3'), ('hold', 'a3', 'b4'), ('on', 'b3', 'table'), ('hold', 'a2', 'b2')}, clk=4)
98:	State(p={('on', 'b1', 'b2'), ('on', 'b4', 'table'), ('on', 'b2', 'b4'), ('hold', 'a3', 'b3')}, clk=4)
99:	State(p={('on', 'b1', 'b3'), ('on', 'b4', 'table'), ('on', 'b3', 'b4'), ('hold', 'a2', 'b2')}, clk=4)
100:	State(p={('on', 'b1', 'b3'), ('hold', 'a3', 'b4'), ('on', 'b2', 'table'), ('on', 'b3', 'b2')}, clk=4)
101:	State(p={('on', 'b1', 'b3'), ('on', 'b2', 'b4'), ('on', 'b4', 'table'), ('on', 'b3', 'b2')}, clk=4)
102:	State(p={('hold', 'a3', 'b4'), ('on', 'b3', 'b2'), ('on', 'b2', 'table'), ('hold', 'a1', 'b1')}, clk=4)
103:	State(p={('hold', 'a3', 'b4'), ('on', 'b1', 'b2'), ('on', 'b2', 'b3'), ('on', 'b3', 'table')}, clk=4)
104:	State(p={('on', 'b4', 'b2'), ('on', 'b2', 'b3'), ('on', 'b3', 'table'), ('hold', 'a1', 'b1')}, clk=4)
105:	State(p={('on', 'b1', 'b3'), ('on', 'b2', 'b1'), ('on', 'b4', 'table'), ('on', 'b3', 'b4')}, clk=4)
106:	State(p={('on', 'b1', 'b3'), ('hold', 'a3', 'b4'), ('on', 'b2', 'b1'), ('on', 'b3', 'table')}, clk=4)
107:	State(p={('on', 'b1', 'b3'), ('on', 'b4', 'b1'), ('on', 'b3', 'table'), ('hold', 'a2', 'b2')}, clk=4)
108:	State(p={('on', 'b1', 'b2'), ('on', 'b2', 'b3'), ('on', 'b4', 'table'), ('on', 'b3', 'b4')}, clk=4)
109:	State(p={('hold', 'a1', 'b1'), ('on', 'b4', 'b3'), ('on', 'b3', 'table'), ('hold', 'a2', 'b2')}, clk=4)
110:	State(p={('on', 'b1', 'table'), ('on', 'b4', 'b3'), ('on', 'b3', 'b1'), ('on', 'b2', 'b4')}, clk=4)
111:	State(p={('on', 'b1', 'table'), ('on', 'b4', 'b1'), ('hold', 'a3', 'b3'), ('hold', 'a2', 'b2')}, clk=4)
112:	State(p={('on', 'b1', 'table'), ('on', 'b4', 'b1'), ('on', 'b2', 'b4'), ('hold', 'a3', 'b3')}, clk=4)
113:	State(p={('on', 'b4', 'b3'), ('on', 'b3', 'table'), ('on', 'b2', 'b4'), ('hold', 'a1', 'b1')}, clk=4)
114:	State(p={('on', 'b1', 'table'), ('on', 'b4', 'b2'), ('on', 'b2', 'b3'), ('on', 'b3', 'b1')}, clk=4)
115:	State(p={('on', 'b3', 'table'), ('on', 'b4', 'b3'), ('on', 'b1', 'b4'), ('hold', 'a2', 'b2')}, clk=4)
116:	State(p={('on', 'b4', 'b3'), ('on', 'b1', 'b4'), ('on', 'b2', 'b1'), ('on', 'b3', 'table')}, clk=4)
117:	State(p={('on', 'b1', 'b2'), ('on', 'b4', 'b3'), ('on', 'b2', 'b4'), ('on', 'b3', 'table')}, clk=4)
118:	State(p={('on', 'b1', 'table'), ('on', 'b4', 'b1'), ('on', 'b2', 'b4'), ('on', 'b3', 'b2')}, clk=4)
119:	State(p={('on', 'b1', 'table'), ('on', 'b4', 'b3'), ('on', 'b3', 'b1'), ('hold', 'a2', 'b2')}, clk=4)
120:	State(p={('on', 'b1', 'table'), ('on', 'b4', 'b1'), ('on', 'b3', 'b4'), ('hold', 'a2', 'b2')}, clk=4)
121:	State(p={('on', 'b4', 'b3'), ('on', 'b3', 'b2'), ('on', 'b1', 'b4'), ('on', 'b2', 'table')}, clk=4)
122:	State(p={('on', 'b1', 'b4'), ('on', 'b4', 'b2'), ('on', 'b2', 'table'), ('hold', 'a3', 'b3')}, clk=4)
123:	State(p={('on', 'b4', 'b2'), ('hold', 'a3', 'b3'), ('on', 'b2', 'table'), ('hold', 'a1', 'b1')}, clk=4)
124:	State(p={('on', 'b1', 'b3'), ('on', 'b3', 'b2'), ('on', 'b4', 'b1'), ('on', 'b2', 'table')}, clk=4)
125:	State(p={('on', 'b2', 'table'), ('on', 'b4', 'b2'), ('on', 'b3', 'b4'), ('hold', 'a1', 'b1')}, clk=4)
126:	State(p={('on', 'b1', 'b4'), ('on', 'b4', 'b2'), ('on', 'b3', 'b1'), ('on', 'b2', 'table')}, clk=4)
127:	State(p={('on', 'b4', 'b3'), ('on', 'b3', 'b2'), ('on', 'b2', 'table'), ('hold', 'a1', 'b1')}, clk=4)
128:	State(p={('on', 'b1', 'table'), ('on', 'b4', 'b3'), ('on', 'b2', 'b1'), ('on', 'b3', 'b2')}, clk=4)
129:	State(p={('on', 'b1', 'table'), ('on', 'b4', 'b2'), ('on', 'b2', 'b1'), ('on', 'b3', 'b4')}, clk=4)
130:	State(p={('on', 'b1', 'b4'), ('on', 'b4', 'b2'), ('on', 'b2', 'b3'), ('on', 'b3', 'table')}, clk=4)
131:	State(p={('on', 'b1', 'b2'), ('on', 'b4', 'b1'), ('on', 'b2', 'b3'), ('on', 'b3', 'table')}, clk=4)
132:	State(p={('on', 'b1', 'b3'), ('on', 'b4', 'b2'), ('on', 'b2', 'b1'), ('on', 'b3', 'table')}, clk=4)
133:	State(p={('on', 'b1', 'b3'), ('on', 'b4', 'b1'), ('on', 'b2', 'b4'), ('on', 'b3', 'table')}, clk=4)
134:	State(p={('on', 'b1', 'b2'), ('on', 'b4', 'b1'), ('on', 'b2', 'table'), ('hold', 'a3', 'b3')}, clk=4)
135:	State(p={('hold', 'a3', 'b4'), ('on', 'b1', 'b2'), ('on', 'b3', 'b1'), ('on', 'b2', 'table')}, clk=4)
136:	State(p={('hold', 'a3', 'b4'), ('on', 'b1', 'table'), ('on', 'b2', 'b1'), ('on', 'b3', 'b2')}, clk=4)
137:	State(p={('on', 'b1', 'b3'), ('on', 'b2', 'table'), ('on', 'b4', 'b2'), ('on', 'b3', 'b4')}, clk=4)
138:	State(p={('on', 'b1', 'table'), ('on', 'b4', 'b1'), ('on', 'b2', 'b3'), ('on', 'b3', 'b4')}, clk=4)
139:	State(p={('on', 'b1', 'table'), ('on', 'b4', 'b2'), ('on', 'b2', 'b1'), ('hold', 'a3', 'b3')}, clk=4)
140:	State(p={('on', 'b3', 'b1'), ('on', 'b1', 'b4'), ('on', 'b4', 'table'), ('hold', 'a2', 'b2')}, clk=5)
141:	State(p={('hold', 'a1', 'b1'), ('hold', 'a3', 'b3'), ('on', 'b4', 'table'), ('hold', 'a2', 'b2')}, clk=5)
142:	State(p={('on', 'b1', 'b4'), ('on', 'b4', 'table'), ('on', 'b2', 'b1'), ('hold', 'a3', 'b3')}, clk=5)
143:	State(p={('on', 'b1', 'b2'), ('on', 'b4', 'table'), ('on', 'b2', 'b4'), ('hold', 'a3', 'b3')}, clk=5)
144:	State(p={('on', 'b2', 'b4'), ('on', 'b4', 'table'), ('on', 'b3', 'b2'), ('hold', 'a1', 'b1')}, clk=5)
145:	State(p={('on', 'b1', 'b4'), ('hold', 'a3', 'b3'), ('on', 'b4', 'table'), ('hold', 'a2', 'b2')}, clk=5)
146:	State(p={('on', 'b1', 'b3'), ('on', 'b4', 'table'), ('on', 'b3', 'b4'), ('hold', 'a2', 'b2')}, clk=5)
147:	State(p={('hold', 'a1', 'b1'), ('on', 'b4', 'table'), ('on', 'b2', 'b4'), ('hold', 'a3', 'b3')}, clk=5)
148:	State(p={('hold', 'a3', 'b4'), ('on', 'b2', 'b3'), ('on', 'b3', 'table'), ('hold', 'a1', 'b1')}, clk=5)
149:	State(p={('on', 'b2', 'b3'), ('on', 'b4', 'table'), ('on', 'b3', 'b4'), ('hold', 'a1', 'b1')}, clk=5)
150:	State(p={('on', 'b1', 'b3'), ('hold', 'a3', 'b4'), ('on', 'b3', 'table'), ('hold', 'a2', 'b2')}, clk=5)
151:	State(p={('hold', 'a1', 'b1'), ('hold', 'a3', 'b4'), ('on', 'b3', 'table'), ('hold', 'a2', 'b2')}, clk=5)
152:	State(p={('hold', 'a3', 'b4'), ('on', 'b1', 'b2'), ('on', 'b2', 'b3'), ('on', 'b3', 'table')}, clk=5)
153:	State(p={('on', 'b4', 'b2'), ('on', 'b2', 'b3'), ('on', 'b3', 'table'), ('hold', 'a1', 'b1')}, clk=5)
154:	State(p={('hold', 'a1', 'b1'), ('on', 'b4', 'b3'), ('on', 'b3', 'table'), ('hold', 'a2', 'b2')}, clk=5)
155:	State(p={('hold', 'a3', 'b4'), ('on', 'b1', 'table'), ('on', 'b2', 'b3'), ('on', 'b3', 'b1')}, clk=5)
156:	State(p={('on', 'b1', 'table'), ('on', 'b4', 'b3'), ('on', 'b3', 'b1'), ('hold', 'a2', 'b2')}, clk=5)
157:	State(p={('on', 'b1', 'b4'), ('on', 'b3', 'b2'), ('on', 'b4', 'table'), ('on', 'b2', 'b1')}, clk=5)
158:	State(p={('hold', 'a1', 'b1'), ('on', 'b4', 'table'), ('on', 'b3', 'b4'), ('hold', 'a2', 'b2')}, clk=5)
159:	State(p={('hold', 'a3', 'b4'), ('on', 'b1', 'table'), ('on', 'b3', 'b1'), ('hold', 'a2', 'b2')}, clk=5)
160:	State(p={('on', 'b1', 'b2'), ('on', 'b2', 'b3'), ('on', 'b4', 'table'), ('on', 'b3', 'b4')}, clk=5)
161:	State(p={('on', 'b1', 'table'), ('on', 'b4', 'b2'), ('on', 'b2', 'b3'), ('on', 'b3', 'b1')}, clk=5)
162:	State(p={('on', 'b1', 'b3'), ('hold', 'a3', 'b4'), ('on', 'b2', 'table'), ('on', 'b3', 'b2')}, clk=5)
163:	State(p={('hold', 'a3', 'b4'), ('on', 'b3', 'b2'), ('on', 'b2', 'table'), ('hold', 'a1', 'b1')}, clk=5)
164:	State(p={('on', 'b1', 'b3'), ('on', 'b2', 'b4'), ('on', 'b4', 'table'), ('on', 'b3', 'b2')}, clk=5)
165:	State(p={('hold', 'a3', 'b4'), ('on', 'b1', 'table'), ('on', 'b2', 'b1'), ('on', 'b3', 'b2')}, clk=5)
166:	State(p={('hold', 'a3', 'b4'), ('on', 'b1', 'b2'), ('on', 'b3', 'b1'), ('on', 'b2', 'table')}, clk=5)
167:	State(p={('on', 'b4', 'table'), ('on', 'b1', 'b4'), ('on', 'b3', 'b1'), ('on', 'b2', 'b3')}, clk=5)
168:	State(p={('on', 'b1', 'b3'), ('hold', 'a3', 'b4'), ('on', 'b2', 'b1'), ('on', 'b3', 'table')}, clk=5)
169:	State(p={('on', 'b1', 'b3'), ('on', 'b4', 'b1'), ('on', 'b3', 'table'), ('hold', 'a2', 'b2')}, clk=5)
170:	State(p={('on', 'b1', 'b2'), ('on', 'b3', 'b1'), ('on', 'b4', 'table'), ('on', 'b2', 'b4')}, clk=5)
171:	State(p={('on', 'b1', 'b3'), ('on', 'b2', 'b1'), ('on', 'b4', 'table'), ('on', 'b3', 'b4')}, clk=5)
172:	State(p={('on', 'b1', 'b3'), ('on', 'b2', 'table'), ('on', 'b4', 'b1'), ('on', 'b3', 'b2')}, clk=5)
173:	State(p={('on', 'b4', 'b3'), ('on', 'b3', 'b2'), ('on', 'b2', 'table'), ('hold', 'a1', 'b1')}, clk=5)
174:	State(p={('on', 'b1', 'b2'), ('on', 'b4', 'b1'), ('on', 'b2', 'b3'), ('on', 'b3', 'table')}, clk=5)
175:	State(p={('on', 'b1', 'b4'), ('on', 'b4', 'b2'), ('on', 'b2', 'b3'), ('on', 'b3', 'table')}, clk=5)
176:	State(p={('on', 'b3', 'table'), ('on', 'b4', 'b3'), ('on', 'b1', 'b4'), ('hold', 'a2', 'b2')}, clk=5)
177:	State(p={('on', 'b1', 'b4'), ('on', 'b4', 'b2'), ('on', 'b2', 'table'), ('hold', 'a3', 'b3')}, clk=5)
178:	State(p={('on', 'b4', 'b2'), ('hold', 'a3', 'b3'), ('on', 'b2', 'table'), ('hold', 'a1', 'b1')}, clk=5)
179:	State(p={('on', 'b1', 'b3'), ('on', 'b4', 'b2'), ('on', 'b2', 'b1'), ('on', 'b3', 'table')}, clk=5)
180:	State(p={('on', 'b1', 'b3'), ('on', 'b4', 'b1'), ('on', 'b2', 'b4'), ('on', 'b3', 'table')}, clk=5)
181:	State(p={('on', 'b1', 'table'), ('on', 'b4', 'b1'), ('on', 'b2', 'b4'), ('hold', 'a3', 'b3')}, clk=5)
182:	State(p={('on', 'b4', 'b3'), ('on', 'b3', 'table'), ('on', 'b2', 'b4'), ('hold', 'a1', 'b1')}, clk=5)
183:	State(p={('on', 'b1', 'table'), ('on', 'b4', 'b1'), ('hold', 'a3', 'b3'), ('hold', 'a2', 'b2')}, clk=5)
184:	State(p={('on', 'b1', 'table'), ('on', 'b4', 'b1'), ('on', 'b3', 'b4'), ('hold', 'a2', 'b2')}, clk=5)
185:	State(p={('on', 'b1', 'table'), ('on', 'b4', 'b1'), ('on', 'b2', 'b4'), ('on', 'b3', 'b2')}, clk=5)
186:	State(p={('on', 'b1', 'b2'), ('on', 'b4', 'b3'), ('on', 'b2', 'b4'), ('on', 'b3', 'table')}, clk=5)
187:	State(p={('on', 'b1', 'table'), ('on', 'b4', 'b2'), ('on', 'b2', 'b1'), ('hold', 'a3', 'b3')}, clk=5)
188:	State(p={('on', 'b4', 'b3'), ('on', 'b1', 'b4'), ('on', 'b2', 'b1'), ('on', 'b3', 'table')}, clk=5)
189:	State(p={('on', 'b1', 'table'), ('on', 'b4', 'b3'), ('on', 'b3', 'b1'), ('on', 'b2', 'b4')}, clk=5)
190:	State(p={('on', 'b1', 'table'), ('on', 'b4', 'b1'), ('on', 'b2', 'b3'), ('on', 'b3', 'b4')}, clk=5)
191:	State(p={('on', 'b1', 'b4'), ('on', 'b4', 'b2'), ('on', 'b3', 'b1'), ('on', 'b2', 'table')}, clk=5)
192:	State(p={('on', 'b2', 'table'), ('on', 'b4', 'b2'), ('on', 'b3', 'b4'), ('hold', 'a1', 'b1')}, clk=5)
193:	State(p={('on', 'b1', 'b2'), ('on', 'b4', 'b1'), ('on', 'b2', 'table'), ('hold', 'a3', 'b3')}, clk=5)
194:	State(p={('on', 'b1', 'b3'), ('on', 'b2', 'table'), ('on', 'b4', 'b2'), ('on', 'b3', 'b4')}, clk=5)
195:	State(p={('on', 'b4', 'b3'), ('on', 'b3', 'b2'), ('on', 'b1', 'b4'), ('on', 'b2', 'table')}, clk=5)
196:	State(p={('on', 'b2', 'table'), ('on', 'b1', 'b2'), ('on', 'b4', 'b1'), ('on', 'b3', 'b4')}, clk=5)
197:	State(p={('on', 'b1', 'b2'), ('on', 'b4', 'b3'), ('on', 'b3', 'b1'), ('on', 'b2', 'table')}, clk=5)
198:	State(p={('on', 'b1', 'table'), ('on', 'b4', 'b3'), ('on', 'b2', 'b1'), ('on', 'b3', 'b2')}, clk=5)
199:	State(p={('on', 'b1', 'table'), ('on', 'b4', 'b2'), ('on', 'b2', 'b1'), ('on', 'b3', 'b4')}, clk=5)
200:	State(p={('hold', 'a3', 'b4'), ('on', 'b1', 'table'), ('on', 'b3', 'b1'), ('hold', 'a2', 'b2')}, clk=6)
201:	State(p={('on', 'b2', 'b3'), ('on', 'b4', 'table'), ('on', 'b3', 'b4'), ('hold', 'a1', 'b1')}, clk=6)
202:	State(p={('hold', 'a1', 'b1'), ('hold', 'a3', 'b3'), ('on', 'b4', 'table'), ('hold', 'a2', 'b2')}, clk=6)
203:	State(p={('on', 'b4', 'table'), ('on', 'b1', 'b4'), ('on', 'b3', 'b1'), ('on', 'b2', 'b3')}, clk=6)
204:	State(p={('hold', 'a3', 'b4'), ('on', 'b1', 'table'), ('on', 'b2', 'b3'), ('on', 'b3', 'b1')}, clk=6)
205:	State(p={('on', 'b1', 'b4'), ('on', 'b4', 'table'), ('on', 'b2', 'b1'), ('hold', 'a3', 'b3')}, clk=6)
206:	State(p={('hold', 'a3', 'b4'), ('on', 'b2', 'b3'), ('on', 'b3', 'table'), ('hold', 'a1', 'b1')}, clk=6)
207:	State(p={('hold', 'a3', 'b4'), ('hold', 'a1', 'b1'), ('on', 'b3', 'table'), ('hold', 'a2', 'b2')}, clk=6)
208:	State(p={('hold', 'a1', 'b1'), ('on', 'b4', 'table'), ('on', 'b2', 'b4'), ('hold', 'a3', 'b3')}, clk=6)
209:	State(p={('on', 'b1', 'b4'), ('hold', 'a3', 'b3'), ('on', 'b4', 'table'), ('hold', 'a2', 'b2')}, clk=6)
210:	State(p={('hold', 'a1', 'b1'), ('on', 'b4', 'table'), ('on', 'b3', 'b4'), ('hold', 'a2', 'b2')}, clk=6)
211:	State(p={('on', 'b1', 'b4'), ('on', 'b3', 'b2'), ('on', 'b4', 'table'), ('on', 'b2', 'b1')}, clk=6)
212:	State(p={('on', 'b2', 'b4'), ('on', 'b4', 'table'), ('on', 'b3', 'b2'), ('hold', 'a1', 'b1')}, clk=6)
213:	State(p={('on', 'b3', 'b1'), ('on', 'b1', 'b4'), ('on', 'b4', 'table'), ('hold', 'a2', 'b2')}, clk=6)
214:	State(p={('on', 'b1', 'b2'), ('on', 'b3', 'b1'), ('on', 'b4', 'table'), ('on', 'b2', 'b4')}, clk=6)
215:	State(p={('on', 'b1', 'b2'), ('on', 'b4', 'table'), ('on', 'b2', 'b4'), ('hold', 'a3', 'b3')}, clk=6)
216:	State(p={('on', 'b1', 'b3'), ('on', 'b2', 'b4'), ('on', 'b4', 'table'), ('on', 'b3', 'b2')}, clk=6)
217:	State(p={('hold', 'a3', 'b4'), ('on', 'b3', 'b2'), ('on', 'b2', 'table'), ('hold', 'a1', 'b1')}, clk=6)
218:	State(p={('on', 'b1', 'b3'), ('hold', 'a3', 'b4'), ('on', 'b2', 'table'), ('on', 'b3', 'b2')}, clk=6)
219:	State(p={('on', 'b1', 'b3'), ('hold', 'a3', 'b4'), ('on', 'b3', 'table'), ('hold', 'a2', 'b2')}, clk=6)
220:	State(p={('on', 'b1', 'b3'), ('on', 'b4', 'table'), ('on', 'b3', 'b4'), ('hold', 'a2', 'b2')}, clk=6)
221:	State(p={('on', 'b1', 'b3'), ('on', 'b2', 'b1'), ('on', 'b4', 'table'), ('on', 'b3', 'b4')}, clk=6)
222:	State(p={('on', 'b1', 'b3'), ('hold', 'a3', 'b4'), ('on', 'b2', 'b1'), ('on', 'b3', 'table')}, clk=6)
223:	State(p={('hold', 'a3', 'b4'), ('on', 'b1', 'b2'), ('on', 'b2', 'b3'), ('on', 'b3', 'table')}, clk=6)
224:	State(p={('on', 'b4', 'b2'), ('on', 'b2', 'b3'), ('on', 'b3', 'table'), ('hold', 'a1', 'b1')}, clk=6)
225:	State(p={('on', 'b1', 'b2'), ('on', 'b2', 'b3'), ('on', 'b4', 'table'), ('on', 'b3', 'b4')}, clk=6)
226:	State(p={('on', 'b1', 'b3'), ('on', 'b4', 'b1'), ('on', 'b3', 'table'), ('hold', 'a2', 'b2')}, clk=6)
227:	State(p={('hold', 'a1', 'b1'), ('on', 'b4', 'b3'), ('on', 'b3', 'table'), ('hold', 'a2', 'b2')}, clk=6)
228:	State(p={('on', 'b1', 'b2'), ('on', 'b4', 'b1'), ('on', 'b2', 'b3'), ('on', 'b3', 'table')}, clk=6)
229:	State(p={('on', 'b1', 'b4'), ('on', 'b4', 'b2'), ('on', 'b2', 'b3'), ('on', 'b3', 'table')}, clk=6)
230:	State(p={('on', 'b1', 'b4'), ('on', 'b4', 'b2'), ('on', 'b2', 'table'), ('hold', 'a3', 'b3')}, clk=6)
231:	State(p={('on', 'b4', 'b2'), ('hold', 'a3', 'b3'), ('on', 'b2', 'table'), ('hold', 'a1', 'b1')}, clk=6)
232:	State(p={('on', 'b3', 'table'), ('on', 'b4', 'b3'), ('on', 'b1', 'b4'), ('hold', 'a2', 'b2')}, clk=6)
233:	State(p={('on', 'b4', 'b3'), ('on', 'b3', 'table'), ('on', 'b2', 'b4'), ('hold', 'a1', 'b1')}, clk=6)
234:	State(p={('on', 'b1', 'table'), ('on', 'b4', 'b2'), ('on', 'b2', 'b3'), ('on', 'b3', 'b1')}, clk=6)
235:	State(p={('on', 'b1', 'table'), ('on', 'b4', 'b3'), ('on', 'b3', 'b1'), ('on', 'b2', 'b4')}, clk=6)
236:	State(p={('on', 'b1', 'table'), ('on', 'b4', 'b1'), ('hold', 'a3', 'b3'), ('hold', 'a2', 'b2')}, clk=6)
237:	State(p={('on', 'b1', 'table'), ('on', 'b4', 'b1'), ('on', 'b2', 'b4'), ('hold', 'a3', 'b3')}, clk=6)
238:	State(p={('hold', 'a3', 'b4'), ('on', 'b1', 'table'), ('on', 'b2', 'b1'), ('on', 'b3', 'b2')}, clk=6)
239:	State(p={('on', 'b1', 'table'), ('on', 'b4', 'b3'), ('on', 'b3', 'b1'), ('hold', 'a2', 'b2')}, clk=6)
240:	State(p={('on', 'b1', 'table'), ('on', 'b4', 'b2'), ('on', 'b2', 'b1'), ('hold', 'a3', 'b3')}, clk=6)
241:	State(p={('on', 'b1', 'b3'), ('on', 'b2', 'table'), ('on', 'b4', 'b1'), ('on', 'b3', 'b2')}, clk=6)
242:	State(p={('on', 'b4', 'b3'), ('on', 'b3', 'b2'), ('on', 'b2', 'table'), ('hold', 'a1', 'b1')}, clk=6)
243:	State(p={('on', 'b1', 'table'), ('on', 'b4', 'b3'), ('on', 'b2', 'b1'), ('on', 'b3', 'b2')}, clk=6)
244:	State(p={('on', 'b1', 'b2'), ('on', 'b4', 'b3'), ('on', 'b3', 'b1'), ('on', 'b2', 'table')}, clk=6)
245:	State(p={('on', 'b1', 'b3'), ('on', 'b4', 'b2'), ('on', 'b2', 'b1'), ('on', 'b3', 'table')}, clk=6)
246:	State(p={('on', 'b1', 'b3'), ('on', 'b4', 'b1'), ('on', 'b2', 'b4'), ('on', 'b3', 'table')}, clk=6)
247:	State(p={('hold', 'a3', 'b4'), ('on', 'b1', 'b2'), ('on', 'b3', 'b1'), ('on', 'b2', 'table')}, clk=6)
248:	State(p={('on', 'b1', 'b2'), ('on', 'b4', 'b1'), ('on', 'b2', 'table'), ('hold', 'a3', 'b3')}, clk=6)
249:	State(p={('on', 'b4', 'b3'), ('on', 'b3', 'b2'), ('on', 'b1', 'b4'), ('on', 'b2', 'table')}, clk=6)
250:	State(p={('on', 'b4', 'b3'), ('on', 'b1', 'b4'), ('on', 'b2', 'b1'), ('on', 'b3', 'table')}, clk=6)
251:	State(p={('on', 'b1', 'b4'), ('on', 'b4', 'b2'), ('on', 'b3', 'b1'), ('on', 'b2', 'table')}, clk=6)
252:	State(p={('on', 'b2', 'table'), ('on', 'b4', 'b2'), ('on', 'b3', 'b4'), ('hold', 'a1', 'b1')}, clk=6)
253:	State(p={('on', 'b1', 'table'), ('on', 'b4', 'b1'), ('on', 'b2', 'b4'), ('on', 'b3', 'b2')}, clk=6)
254:	State(p={('on', 'b1', 'b2'), ('on', 'b4', 'b3'), ('on', 'b2', 'b4'), ('on', 'b3', 'table')}, clk=6)
255:	State(p={('on', 'b1', 'table'), ('on', 'b4', 'b1'), ('on', 'b3', 'b4'), ('hold', 'a2', 'b2')}, clk=6)
256:	State(p={('on', 'b1', 'table'), ('on', 'b4', 'b1'), ('on', 'b2', 'b3'), ('on', 'b3', 'b4')}, clk=6)
257:	State(p={('on', 'b1', 'table'), ('on', 'b4', 'b2'), ('on', 'b2', 'b1'), ('on', 'b3', 'b4')}, clk=6)
258:	State(p={('on', 'b1', 'b3'), ('on', 'b2', 'table'), ('on', 'b4', 'b2'), ('on', 'b3', 'b4')}, clk=6)
259:	State(p={('on', 'b2', 'table'), ('on', 'b1', 'b2'), ('on', 'b4', 'b1'), ('on', 'b3', 'b4')}, clk=6)
260:	State(p={('hold', 'a3', 'b4'), ('on', 'b1', 'table'), ('on', 'b2', 'b3'), ('on', 'b3', 'b1')}, clk=7)
261:	State(p={('hold', 'a3', 'b4'), ('on', 'b2', 'b3'), ('on', 'b3', 'table'), ('hold', 'a1', 'b1')}, clk=7)
262:	State(p={('on', 'b1', 'table'), ('on', 'b4', 'b3'), ('on', 'b3', 'b1'), ('hold', 'a2', 'b2')}, clk=7)
263:	State(p={('hold', 'a3', 'b4'), ('hold', 'a2', 'b2'), ('on', 'b3', 'table'), ('hold', 'a1', 'b1')}, clk=7)
264:	State(p={('on', 'b3', 'table'), ('on', 'b4', 'b3'), ('hold', 'a2', 'b2'), ('hold', 'a1', 'b1')}, clk=7)
265:	State(p={('on', 'b1', 'b3'), ('hold', 'a3', 'b4'), ('on', 'b3', 'table'), ('hold', 'a2', 'b2')}, clk=7)
266:	State(p={('on', 'b1', 'b2'), ('on', 'b4', 'table'), ('on', 'b2', 'b4'), ('hold', 'a3', 'b3')}, clk=7)
267:	State(p={('on', 'b1', 'b4'), ('hold', 'a3', 'b3'), ('on', 'b4', 'table'), ('hold', 'a2', 'b2')}, clk=7)
268:	State(p={('hold', 'a2', 'b2'), ('hold', 'a3', 'b3'), ('on', 'b4', 'table'), ('hold', 'a1', 'b1')}, clk=7)
269:	State(p={('on', 'b1', 'b3'), ('on', 'b4', 'table'), ('on', 'b3', 'b4'), ('hold', 'a2', 'b2')}, clk=7)
270:	State(p={('on', 'b1', 'b2'), ('on', 'b2', 'b3'), ('on', 'b4', 'table'), ('on', 'b3', 'b4')}, clk=7)
271:	State(p={('hold', 'a3', 'b3'), ('on', 'b4', 'table'), ('on', 'b2', 'b4'), ('hold', 'a1', 'b1')}, clk=7)
272:	State(p={('hold', 'a2', 'b2'), ('on', 'b4', 'table'), ('on', 'b3', 'b4'), ('hold', 'a1', 'b1')}, clk=7)
273:	State(p={('hold', 'a3', 'b4'), ('on', 'b1', 'b2'), ('on', 'b2', 'b3'), ('on', 'b3', 'table')}, clk=7)
274:	State(p={('hold', 'a3', 'b4'), ('on', 'b1', 'table'), ('on', 'b3', 'b1'), ('hold', 'a2', 'b2')}, clk=7)
275:	State(p={('on', 'b3', 'b1'), ('on', 'b1', 'b4'), ('on', 'b4', 'table'), ('hold', 'a2', 'b2')}, clk=7)
276:	State(p={('on', 'b2', 'b3'), ('on', 'b4', 'table'), ('on', 'b3', 'b4'), ('hold', 'a1', 'b1')}, clk=7)
277:	State(p={('on', 'b1', 'b4'), ('on', 'b4', 'table'), ('on', 'b2', 'b1'), ('hold', 'a3', 'b3')}, clk=7)
278:	State(p={('on', 'b1', 'table'), ('on', 'b4', 'b2'), ('on', 'b2', 'b3'), ('on', 'b3', 'b1')}, clk=7)
279:	State(p={('on', 'b4', 'b2'), ('on', 'b2', 'b3'), ('on', 'b3', 'table'), ('hold', 'a1', 'b1')}, clk=7)
280:	State(p={('on', 'b2', 'b4'), ('on', 'b4', 'table'), ('on', 'b3', 'b2'), ('hold', 'a1', 'b1')}, clk=7)
281:	State(p={('on', 'b1', 'b4'), ('on', 'b3', 'b2'), ('on', 'b4', 'table'), ('on', 'b2', 'b1')}, clk=7)
282:	State(p={('hold', 'a3', 'b4'), ('on', 'b1', 'table'), ('on', 'b2', 'b1'), ('on', 'b3', 'b2')}, clk=7)
283:	State(p={('hold', 'a3', 'b4'), ('on', 'b3', 'b2'), ('on', 'b2', 'table'), ('hold', 'a1', 'b1')}, clk=7)
284:	State(p={('on', 'b1', 'b3'), ('on', 'b2', 'b4'), ('on', 'b4', 'table'), ('on', 'b3', 'b2')}, clk=7)
285:	State(p={('on', 'b1', 'b3'), ('hold', 'a3', 'b4'), ('on', 'b2', 'table'), ('on', 'b3', 'b2')}, clk=7)
286:	State(p={('on', 'b4', 'table'), ('on', 'b1', 'b4'), ('on', 'b3', 'b1'), ('on', 'b2', 'b3')}, clk=7)
287:	State(p={('hold', 'a3', 'b4'), ('on', 'b1', 'b2'), ('on', 'b3', 'b1'), ('on', 'b2', 'table')}, clk=7)
288:	State(p={('on', 'b1', 'b2'), ('on', 'b3', 'b1'), ('on', 'b4', 'table'), ('on', 'b2', 'b4')}, clk=7)
289:	State(p={('on', 'b4', 'b3'), ('on', 'b3', 'b2'), ('on', 'b2', 'table'), ('hold', 'a1', 'b1')}, clk=7)
290:	State(p={('on', 'b1', 'b3'), ('on', 'b4', 'b1'), ('on', 'b3', 'table'), ('hold', 'a2', 'b2')}, clk=7)
291:	State(p={('on', 'b1', 'b3'), ('on', 'b2', 'table'), ('on', 'b4', 'b1'), ('on', 'b3', 'b2')}, clk=7)
292:	State(p={('on', 'b1', 'b3'), ('hold', 'a3', 'b4'), ('on', 'b2', 'b1'), ('on', 'b3', 'table')}, clk=7)
293:	State(p={('on', 'b1', 'b3'), ('on', 'b2', 'b1'), ('on', 'b4', 'table'), ('on', 'b3', 'b4')}, clk=7)
294:	State(p={('on', 'b1', 'b3'), ('on', 'b4', 'b2'), ('on', 'b2', 'b1'), ('on', 'b3', 'table')}, clk=7)
295:	State(p={('on', 'b1', 'b2'), ('on', 'b4', 'b1'), ('on', 'b2', 'b3'), ('on', 'b3', 'table')}, clk=7)
296:	State(p={('on', 'b1', 'b4'), ('on', 'b4', 'b2'), ('on', 'b2', 'b3'), ('on', 'b3', 'table')}, clk=7)
297:	State(p={('on', 'b3', 'table'), ('on', 'b4', 'b3'), ('on', 'b1', 'b4'), ('hold', 'a2', 'b2')}, clk=7)
298:	State(p={('on', 'b4', 'b2'), ('hold', 'a3', 'b3'), ('on', 'b2', 'table'), ('hold', 'a1', 'b1')}, clk=7)
299:	State(p={('on', 'b1', 'b4'), ('on', 'b4', 'b2'), ('on', 'b2', 'table'), ('hold', 'a3', 'b3')}, clk=7)
300:	State(p={('on', 'b1', 'table'), ('on', 'b4', 'b1'), ('hold', 'a3', 'b3'), ('hold', 'a2', 'b2')}, clk=7)
301:	State(p={('on', 'b1', 'b3'), ('on', 'b4', 'b1'), ('on', 'b2', 'b4'), ('on', 'b3', 'table')}, clk=7)
302:	State(p={('on', 'b1', 'table'), ('on', 'b4', 'b1'), ('on', 'b2', 'b4'), ('hold', 'a3', 'b3')}, clk=7)
303:	State(p={('on', 'b4', 'b3'), ('on', 'b3', 'table'), ('on', 'b2', 'b4'), ('hold', 'a1', 'b1')}, clk=7)
304:	State(p={('on', 'b1', 'b2'), ('on', 'b4', 'b1'), ('on', 'b2', 'table'), ('hold', 'a3', 'b3')}, clk=7)
305:	State(p={('on', 'b1', 'b4'), ('on', 'b4', 'b2'), ('on', 'b3', 'b1'), ('on', 'b2', 'table')}, clk=7)
306:	State(p={('on', 'b2', 'table'), ('on', 'b4', 'b2'), ('on', 'b3', 'b4'), ('hold', 'a1', 'b1')}, clk=7)
307:	State(p={('on', 'b4', 'b3'), ('on', 'b1', 'b4'), ('on', 'b2', 'b1'), ('on', 'b3', 'table')}, clk=7)
308:	State(p={('on', 'b1', 'b2'), ('on', 'b4', 'b3'), ('on', 'b2', 'b4'), ('on', 'b3', 'table')}, clk=7)
309:	State(p={('on', 'b1', 'table'), ('on', 'b4', 'b2'), ('on', 'b2', 'b1'), ('hold', 'a3', 'b3')}, clk=7)
310:	State(p={('on', 'b1', 'table'), ('on', 'b4', 'b1'), ('on', 'b3', 'b4'), ('hold', 'a2', 'b2')}, clk=7)
311:	State(p={('on', 'b1', 'table'), ('on', 'b4', 'b1'), ('on', 'b2', 'b4'), ('on', 'b3', 'b2')}, clk=7)
312:	State(p={('on', 'b1', 'table'), ('on', 'b4', 'b3'), ('on', 'b2', 'b1'), ('on', 'b3', 'b2')}, clk=7)
313:	State(p={('on', 'b1', 'table'), ('on', 'b4', 'b3'), ('on', 'b3', 'b1'), ('on', 'b2', 'b4')}, clk=7)
314:	State(p={('on', 'b1', 'table'), ('on', 'b4', 'b2'), ('on', 'b2', 'b1'), ('on', 'b3', 'b4')}, clk=7)
315:	State(p={('on', 'b4', 'b3'), ('on', 'b3', 'b2'), ('on', 'b1', 'b4'), ('on', 'b2', 'table')}, clk=7)
316:	State(p={('on', 'b1', 'b2'), ('on', 'b4', 'b3'), ('on', 'b3', 'b1'), ('on', 'b2', 'table')}, clk=7)
317:	State(p={('on', 'b2', 'table'), ('on', 'b1', 'b2'), ('on', 'b4', 'b1'), ('on', 'b3', 'b4')}, clk=7)
318:	State(p={('on', 'b1', 'b3'), ('on', 'b2', 'table'), ('on', 'b4', 'b2'), ('on', 'b3', 'b4')}, clk=7)
319:	State(p={('on', 'b1', 'table'), ('on', 'b4', 'b1'), ('on', 'b2', 'b3'), ('on', 'b3', 'b4')}, clk=7)
320:	State(p={('on', 'b4', 'b2'), ('on', 'b2', 'b3'), ('on', 'b3', 'table'), ('hold', 'a1', 'b1')}, clk=8)
321:	State(p={('hold', 'a3', 'b4'), ('on', 'b2', 'b3'), ('on', 'b3', 'table'), ('hold', 'a1', 'b1')}, clk=8)
322:	State(p={('hold', 'a3', 'b4'), ('on', 'b1', 'table'), ('on', 'b3', 'b1'), ('hold', 'a2', 'b2')}, clk=8)
323:	State(p={('hold', 'a1', 'b1'), ('hold', 'a3', 'b4'), ('on', 'b3', 'table'), ('hold', 'a2', 'b2')}, clk=8)
324:	State(p={('on', 'b1', 'table'), ('on', 'b4', 'b2'), ('on', 'b2', 'b3'), ('on', 'b3', 'b1')}, clk=8)
325:	State(p={('hold', 'a3', 'b4'), ('on', 'b1', 'b2'), ('on', 'b2', 'b3'), ('on', 'b3', 'table')}, clk=8)
326:	State(p={('on', 'b1', 'b3'), ('hold', 'a3', 'b4'), ('on', 'b3', 'table'), ('hold', 'a2', 'b2')}, clk=8)
327:	State(p={('hold', 'a3', 'b4'), ('on', 'b1', 'table'), ('on', 'b2', 'b3'), ('on', 'b3', 'b1')}, clk=8)
328:	State(p={('on', 'b4', 'b3'), ('on', 'b3', 'table'), ('on', 'b2', 'b4'), ('hold', 'a1', 'b1')}, clk=8)
329:	State(p={('hold', 'a1', 'b1'), ('on', 'b4', 'table'), ('on', 'b2', 'b4'), ('hold', 'a3', 'b3')}, clk=8)
330:	State(p={('hold', 'a1', 'b1'), ('on', 'b4', 'b3'), ('on', 'b3', 'table'), ('hold', 'a2', 'b2')}, clk=8)
331:	State(p={('on', 'b1', 'table'), ('on', 'b4', 'b3'), ('on', 'b3', 'b1'), ('on', 'b2', 'b4')}, clk=8)
332:	State(p={('on', 'b1', 'table'), ('on', 'b4', 'b1'), ('hold', 'a3', 'b3'), ('hold', 'a2', 'b2')}, clk=8)
333:	State(p={('on', 'b1', 'table'), ('on', 'b4', 'b1'), ('on', 'b2', 'b4'), ('hold', 'a3', 'b3')}, clk=8)
334:	State(p={('hold', 'a1', 'b1'), ('hold', 'a3', 'b3'), ('on', 'b4', 'table'), ('hold', 'a2', 'b2')}, clk=8)
335:	State(p={('on', 'b1', 'b4'), ('hold', 'a3', 'b3'), ('on', 'b4', 'table'), ('hold', 'a2', 'b2')}, clk=8)
336:	State(p={('on', 'b3', 'table'), ('on', 'b4', 'b3'), ('on', 'b1', 'b4'), ('hold', 'a2', 'b2')}, clk=8)
337:	State(p={('on', 'b1', 'b3'), ('on', 'b4', 'b1'), ('on', 'b3', 'table'), ('hold', 'a2', 'b2')}, clk=8)
338:	State(p={('on', 'b1', 'b3'), ('hold', 'a3', 'b4'), ('on', 'b2', 'b1'), ('on', 'b3', 'table')}, clk=8)
339:	State(p={('on', 'b3', 'b1'), ('on', 'b1', 'b4'), ('on', 'b4', 'table'), ('hold', 'a2', 'b2')}, clk=8)
340:	State(p={('on', 'b1', 'b2'), ('on', 'b3', 'b1'), ('on', 'b4', 'table'), ('on', 'b2', 'b4')}, clk=8)
341:	State(p={('on', 'b1', 'b4'), ('on', 'b4', 'table'), ('on', 'b2', 'b1'), ('hold', 'a3', 'b3')}, clk=8)
342:	State(p={('hold', 'a1', 'b1'), ('on', 'b4', 'table'), ('on', 'b3', 'b4'), ('hold', 'a2', 'b2')}, clk=8)
343:	State(p={('on', 'b1', 'b3'), ('on', 'b2', 'b1'), ('on', 'b4', 'table'), ('on', 'b3', 'b4')}, clk=8)
344:	State(p={('on', 'b2', 'b3'), ('on', 'b4', 'table'), ('on', 'b3', 'b4'), ('hold', 'a1', 'b1')}, clk=8)
345:	State(p={('on', 'b1', 'b3'), ('on', 'b4', 'table'), ('on', 'b3', 'b4'), ('hold', 'a2', 'b2')}, clk=8)
346:	State(p={('on', 'b1', 'b2'), ('on', 'b4', 'table'), ('on', 'b2', 'b4'), ('hold', 'a3', 'b3')}, clk=8)
347:	State(p={('on', 'b2', 'b4'), ('on', 'b4', 'table'), ('on', 'b3', 'b2'), ('hold', 'a1', 'b1')}, clk=8)
348:	State(p={('on', 'b1', 'b2'), ('on', 'b4', 'b1'), ('on', 'b2', 'b3'), ('on', 'b3', 'table')}, clk=8)
349:	State(p={('on', 'b1', 'table'), ('on', 'b4', 'b3'), ('on', 'b3', 'b1'), ('hold', 'a2', 'b2')}, clk=8)
350:	State(p={('on', 'b4', 'table'), ('on', 'b1', 'b4'), ('on', 'b3', 'b1'), ('on', 'b2', 'b3')}, clk=8)
351:	State(p={('on', 'b1', 'b2'), ('on', 'b2', 'b3'), ('on', 'b4', 'table'), ('on', 'b3', 'b4')}, clk=8)
352:	State(p={('on', 'b1', 'b4'), ('on', 'b3', 'b2'), ('on', 'b4', 'table'), ('on', 'b2', 'b1')}, clk=8)
353:	State(p={('on', 'b4', 'b2'), ('hold', 'a3', 'b3'), ('on', 'b2', 'table'), ('hold', 'a1', 'b1')}, clk=8)
354:	State(p={('on', 'b1', 'table'), ('on', 'b4', 'b2'), ('on', 'b2', 'b1'), ('hold', 'a3', 'b3')}, clk=8)
355:	State(p={('on', 'b1', 'b4'), ('on', 'b4', 'b2'), ('on', 'b2', 'table'), ('hold', 'a3', 'b3')}, clk=8)
356:	State(p={('on', 'b1', 'b4'), ('on', 'b4', 'b2'), ('on', 'b2', 'b3'), ('on', 'b3', 'table')}, clk=8)
357:	State(p={('on', 'b1', 'b3'), ('on', 'b2', 'b4'), ('on', 'b4', 'table'), ('on', 'b3', 'b2')}, clk=8)
358:	State(p={('hold', 'a3', 'b4'), ('on', 'b3', 'b2'), ('on', 'b2', 'table'), ('hold', 'a1', 'b1')}, clk=8)
359:	State(p={('on', 'b1', 'b3'), ('hold', 'a3', 'b4'), ('on', 'b2', 'table'), ('on', 'b3', 'b2')}, clk=8)
360:	State(p={('hold', 'a3', 'b4'), ('on', 'b1', 'table'), ('on', 'b2', 'b1'), ('on', 'b3', 'b2')}, clk=8)
361:	State(p={('on', 'b4', 'b3'), ('on', 'b3', 'b2'), ('on', 'b2', 'table'), ('hold', 'a1', 'b1')}, clk=8)
362:	State(p={('on', 'b1', 'table'), ('on', 'b4', 'b3'), ('on', 'b2', 'b1'), ('on', 'b3', 'b2')}, clk=8)
363:	State(p={('on', 'b1', 'b3'), ('on', 'b2', 'table'), ('on', 'b4', 'b1'), ('on', 'b3', 'b2')}, clk=8)
364:	State(p={('on', 'b1', 'b2'), ('on', 'b4', 'b3'), ('on', 'b3', 'b1'), ('on', 'b2', 'table')}, clk=8)
365:	State(p={('hold', 'a3', 'b4'), ('on', 'b1', 'b2'), ('on', 'b3', 'b1'), ('on', 'b2', 'table')}, clk=8)
366:	State(p={('on', 'b4', 'b3'), ('on', 'b3', 'b2'), ('on', 'b1', 'b4'), ('on', 'b2', 'table')}, clk=8)
367:	State(p={('on', 'b1', 'b3'), ('on', 'b4', 'b1'), ('on', 'b2', 'b4'), ('on', 'b3', 'table')}, clk=8)
368:	State(p={('on', 'b1', 'b2'), ('on', 'b4', 'b1'), ('on', 'b2', 'table'), ('hold', 'a3', 'b3')}, clk=8)
369:	State(p={('on', 'b1', 'b3'), ('on', 'b4', 'b2'), ('on', 'b2', 'b1'), ('on', 'b3', 'table')}, clk=8)
370:	State(p={('on', 'b4', 'b3'), ('on', 'b1', 'b4'), ('on', 'b2', 'b1'), ('on', 'b3', 'table')}, clk=8)
371:	State(p={('on', 'b2', 'table'), ('on', 'b4', 'b2'), ('on', 'b3', 'b4'), ('hold', 'a1', 'b1')}, clk=8)
372:	State(p={('on', 'b1', 'b4'), ('on', 'b4', 'b2'), ('on', 'b3', 'b1'), ('on', 'b2', 'table')}, clk=8)
373:	State(p={('on', 'b1', 'table'), ('on', 'b4', 'b1'), ('on', 'b3', 'b4'), ('hold', 'a2', 'b2')}, clk=8)
374:	State(p={('on', 'b1', 'table'), ('on', 'b4', 'b1'), ('on', 'b2', 'b4'), ('on', 'b3', 'b2')}, clk=8)
375:	State(p={('on', 'b1', 'b2'), ('on', 'b4', 'b3'), ('on', 'b2', 'b4'), ('on', 'b3', 'table')}, clk=8)
376:	State(p={('on', 'b2', 'table'), ('on', 'b1', 'b2'), ('on', 'b4', 'b1'), ('on', 'b3', 'b4')}, clk=8)
377:	State(p={('on', 'b1', 'b3'), ('on', 'b2', 'table'), ('on', 'b4', 'b2'), ('on', 'b3', 'b4')}, clk=8)
378:	State(p={('on', 'b1', 'table'), ('on', 'b4', 'b2'), ('on', 'b2', 'b1'), ('on', 'b3', 'b4')}, clk=8)
379:	State(p={('on', 'b1', 'table'), ('on', 'b4', 'b1'), ('on', 'b2', 'b3'), ('on', 'b3', 'b4')}, clk=8)
380:	State(p={('hold', 'a3', 'b4'), ('on', 'b1', 'b2'), ('on', 'b2', 'b3'), ('on', 'b3', 'table')}, clk=9)
381:	State(p={('hold', 'a1', 'b1'), ('hold', 'a3', 'b3'), ('on', 'b4', 'table'), ('hold', 'a2', 'b2')}, clk=9)
382:	State(p={('on', 'b3', 'table'), ('on', 'b4', 'b3'), ('on', 'b1', 'b4'), ('hold', 'a2', 'b2')}, clk=9)
383:	State(p={('hold', 'a1', 'b1'), ('on', 'b4', 'b3'), ('on', 'b3', 'table'), ('hold', 'a2', 'b2')}, clk=9)
384:	State(p={('on', 'b1', 'b4'), ('on', 'b4', 'b2'), ('on', 'b2', 'table'), ('hold', 'a3', 'b3')}, clk=9)
385:	State(p={('hold', 'a1', 'b1'), ('hold', 'a3', 'b4'), ('on', 'b3', 'table'), ('hold', 'a2', 'b2')}, clk=9)
386:	State(p={('on', 'b1', 'b4'), ('hold', 'a3', 'b3'), ('on', 'b4', 'table'), ('hold', 'a2', 'b2')}, clk=9)
387:	State(p={('hold', 'a3', 'b4'), ('on', 'b2', 'b3'), ('on', 'b3', 'table'), ('hold', 'a1', 'b1')}, clk=9)
388:	State(p={('on', 'b1', 'b4'), ('on', 'b4', 'b2'), ('on', 'b2', 'b3'), ('on', 'b3', 'table')}, clk=9)
389:	State(p={('on', 'b1', 'b3'), ('hold', 'a3', 'b4'), ('on', 'b3', 'table'), ('hold', 'a2', 'b2')}, clk=9)
390:	State(p={('on', 'b4', 'b2'), ('hold', 'a3', 'b3'), ('on', 'b2', 'table'), ('hold', 'a1', 'b1')}, clk=9)
391:	State(p={('on', 'b4', 'b2'), ('on', 'b2', 'b3'), ('on', 'b3', 'table'), ('hold', 'a1', 'b1')}, clk=9)
392:	State(p={('on', 'b1', 'table'), ('on', 'b4', 'b3'), ('on', 'b3', 'b1'), ('hold', 'a2', 'b2')}, clk=9)
393:	State(p={('hold', 'a3', 'b4'), ('on', 'b1', 'table'), ('on', 'b2', 'b3'), ('on', 'b3', 'b1')}, clk=9)
394:	State(p={('on', 'b1', 'table'), ('on', 'b4', 'b1'), ('hold', 'a3', 'b3'), ('hold', 'a2', 'b2')}, clk=9)
395:	State(p={('on', 'b1', 'table'), ('on', 'b4', 'b2'), ('on', 'b2', 'b1'), ('hold', 'a3', 'b3')}, clk=9)
396:	State(p={('hold', 'a3', 'b4'), ('on', 'b1', 'table'), ('on', 'b3', 'b1'), ('hold', 'a2', 'b2')}, clk=9)
397:	State(p={('on', 'b1', 'b2'), ('on', 'b4', 'b1'), ('on', 'b2', 'b3'), ('on', 'b3', 'table')}, clk=9)
398:	State(p={('on', 'b1', 'b3'), ('on', 'b4', 'b1'), ('on', 'b3', 'table'), ('hold', 'a2', 'b2')}, clk=9)
399:	State(p={('on', 'b1', 'b3'), ('hold', 'a3', 'b4'), ('on', 'b2', 'b1'), ('on', 'b3', 'table')}, clk=9)
400:	State(p={('on', 'b1', 'table'), ('on', 'b4', 'b2'), ('on', 'b2', 'b3'), ('on', 'b3', 'b1')}, clk=9)
401:	State(p={('hold', 'a3', 'b3'), ('on', 'b4', 'table'), ('on', 'b2', 'b4'), ('hold', 'a1', 'b1')}, clk=9)
402:	State(p={('on', 'b1', 'b2'), ('on', 'b4', 'b3'), ('on', 'b2', 'b4'), ('on', 'b3', 'table')}, clk=9)
403:	State(p={('on', 'b1', 'b2'), ('on', 'b4', 'table'), ('on', 'b2', 'b4'), ('hold', 'a3', 'b3')}, clk=9)
404:	State(p={('on', 'b2', 'b4'), ('on', 'b4', 'table'), ('on', 'b3', 'b2'), ('hold', 'a1', 'b1')}, clk=9)
405:	State(p={('on', 'b4', 'b3'), ('on', 'b3', 'table'), ('on', 'b2', 'b4'), ('hold', 'a1', 'b1')}, clk=9)
406:	State(p={('on', 'b1', 'table'), ('on', 'b4', 'b1'), ('on', 'b2', 'b4'), ('hold', 'a3', 'b3')}, clk=9)
407:	State(p={('hold', 'a1', 'b1'), ('on', 'b4', 'table'), ('on', 'b3', 'b4'), ('hold', 'a2', 'b2')}, clk=9)
408:	State(p={('on', 'b1', 'table'), ('on', 'b4', 'b1'), ('on', 'b3', 'b4'), ('hold', 'a2', 'b2')}, clk=9)
409:	State(p={('on', 'b1', 'table'), ('on', 'b4', 'b1'), ('on', 'b2', 'b4'), ('on', 'b3', 'b2')}, clk=9)
410:	State(p={('on', 'b3', 'b1'), ('on', 'b1', 'b4'), ('on', 'b4', 'table'), ('hold', 'a2', 'b2')}, clk=9)
411:	State(p={('on', 'b1', 'b4'), ('on', 'b4', 'table'), ('on', 'b2', 'b1'), ('hold', 'a3', 'b3')}, clk=9)
412:	State(p={('on', 'b4', 'b3'), ('on', 'b1', 'b4'), ('on', 'b2', 'b1'), ('on', 'b3', 'table')}, clk=9)
413:	State(p={('on', 'b1', 'b3'), ('on', 'b4', 'b1'), ('on', 'b2', 'b4'), ('on', 'b3', 'table')}, clk=9)
414:	State(p={('on', 'b1', 'b3'), ('on', 'b4', 'b2'), ('on', 'b2', 'b1'), ('on', 'b3', 'table')}, clk=9)
415:	State(p={('on', 'b4', 'table'), ('on', 'b1', 'b4'), ('on', 'b3', 'b1'), ('on', 'b2', 'b3')}, clk=9)
416:	State(p={('on', 'b2', 'b3'), ('on', 'b4', 'table'), ('on', 'b3', 'b4'), ('hold', 'a1', 'b1')}, clk=9)
417:	State(p={('on', 'b2', 'table'), ('hold', 'a3', 'b4'), ('on', 'b3', 'b2'), ('hold', 'a1', 'b1')}, clk=9)
418:	State(p={('hold', 'a3', 'b4'), ('on', 'b1', 'b2'), ('on', 'b3', 'b1'), ('on', 'b2', 'table')}, clk=9)
419:	State(p={('on', 'b1', 'b4'), ('on', 'b3', 'b2'), ('on', 'b4', 'table'), ('on', 'b2', 'b1')}, clk=9)
420:	State(p={('on', 'b1', 'b3'), ('on', 'b4', 'table'), ('on', 'b3', 'b4'), ('hold', 'a2', 'b2')}, clk=9)
421:	State(p={('on', 'b1', 'b2'), ('on', 'b2', 'b3'), ('on', 'b4', 'table'), ('on', 'b3', 'b4')}, clk=9)
422:	State(p={('on', 'b1', 'b3'), ('on', 'b2', 'b1'), ('on', 'b4', 'table'), ('on', 'b3', 'b4')}, clk=9)
423:	State(p={('on', 'b1', 'b2'), ('on', 'b3', 'b1'), ('on', 'b4', 'table'), ('on', 'b2', 'b4')}, clk=9)
424:	State(p={('on', 'b1', 'b3'), ('on', 'b2', 'b4'), ('on', 'b4', 'table'), ('on', 'b3', 'b2')}, clk=9)
425:	State(p={('on', 'b1', 'b3'), ('hold', 'a3', 'b4'), ('on', 'b2', 'table'), ('on', 'b3', 'b2')}, clk=9)
426:	State(p={('on', 'b1', 'b2'), ('on', 'b4', 'b1'), ('on', 'b2', 'table'), ('hold', 'a3', 'b3')}, clk=9)
427:	State(p={('on', 'b1', 'table'), ('on', 'b4', 'b3'), ('on', 'b3', 'b1'), ('on', 'b2', 'b4')}, clk=9)
428:	State(p={('hold', 'a3', 'b4'), ('on', 'b1', 'table'), ('on', 'b2', 'b1'), ('on', 'b3', 'b2')}, clk=9)
429:	State(p={('on', 'b2', 'table'), ('on', 'b4', 'b2'), ('on', 'b3', 'b4'), ('hold', 'a1', 'b1')}, clk=9)
430:	State(p={('on', 'b1', 'table'), ('on', 'b4', 'b2'), ('on', 'b2', 'b1'), ('on', 'b3', 'b4')}, clk=9)
431:	State(p={('on', 'b1', 'b4'), ('on', 'b4', 'b2'), ('on', 'b3', 'b1'), ('on', 'b2', 'table')}, clk=9)
432:	State(p={('on', 'b4', 'b3'), ('on', 'b3', 'b2'), ('on', 'b2', 'table'), ('hold', 'a1', 'b1')}, clk=9)
433:	State(p={('on', 'b1', 'b3'), ('on', 'b2', 'table'), ('on', 'b4', 'b1'), ('on', 'b3', 'b2')}, clk=9)
434:	State(p={('on', 'b1', 'table'), ('on', 'b4', 'b3'), ('on', 'b2', 'b1'), ('on', 'b3', 'b2')}, clk=9)
435:	State(p={('on', 'b4', 'b3'), ('on', 'b3', 'b2'), ('on', 'b1', 'b4'), ('on', 'b2', 'table')}, clk=9)
436:	State(p={('on', 'b1', 'b2'), ('on', 'b4', 'b3'), ('on', 'b3', 'b1'), ('on', 'b2', 'table')}, clk=9)
437:	State(p={('on', 'b2', 'table'), ('on', 'b1', 'b2'), ('on', 'b4', 'b1'), ('on', 'b3', 'b4')}, clk=9)
438:	State(p={('on', 'b1', 'b3'), ('on', 'b2', 'table'), ('on', 'b4', 'b2'), ('on', 'b3', 'b4')}, clk=9)
439:	State(p={('on', 'b1', 'table'), ('on', 'b4', 'b1'), ('on', 'b2', 'b3'), ('on', 'b3', 'b4')}, clk=9)
440:	State(p={('hold', 'a1', 'b1'), ('hold', 'a3', 'b4'), ('on', 'b3', 'table'), ('hold', 'a2', 'b2')}, clk=10)
441:	State(p={('hold', 'a3', 'b4'), ('on', 'b2', 'b3'), ('on', 'b3', 'table'), ('hold', 'a1', 'b1')}, clk=10)
442:	State(p={('on', 'b1', 'b3'), ('hold', 'a3', 'b4'), ('on', 'b3', 'table'), ('hold', 'a2', 'b2')}, clk=10)
443:	State(p={('on', 'b1', 'b2'), ('on', 'b4', 'b1'), ('on', 'b2', 'b3'), ('on', 'b3', 'table')}, clk=10)
444:	State(p={('on', 'b1', 'b3'), ('on', 'b4', 'b1'), ('on', 'b3', 'table'), ('hold', 'a2', 'b2')}, clk=10)
445:	State(p={('hold', 'a1', 'b1'), ('on', 'b4', 'table'), ('on', 'b3', 'b4'), ('hold', 'a2', 'b2')}, clk=10)
446:	State(p={('on', 'b1', 'b4'), ('hold', 'a3', 'b3'), ('on', 'b4', 'table'), ('hold', 'a2', 'b2')}, clk=10)
447:	State(p={('hold', 'a3', 'b3'), ('on', 'b4', 'table'), ('on', 'b2', 'b4'), ('hold', 'a1', 'b1')}, clk=10)
448:	State(p={('hold', 'a1', 'b1'), ('hold', 'a3', 'b3'), ('on', 'b4', 'table'), ('hold', 'a2', 'b2')}, clk=10)
449:	State(p={('hold', 'a1', 'b1'), ('on', 'b4', 'b3'), ('on', 'b3', 'table'), ('hold', 'a2', 'b2')}, clk=10)
450:	State(p={('on', 'b4', 'b3'), ('on', 'b1', 'b4'), ('on', 'b2', 'b1'), ('on', 'b3', 'table')}, clk=10)
451:	State(p={('on', 'b1', 'b3'), ('hold', 'a3', 'b4'), ('on', 'b2', 'b1'), ('on', 'b3', 'table')}, clk=10)
452:	State(p={('on', 'b1', 'b4'), ('on', 'b4', 'table'), ('on', 'b2', 'b1'), ('hold', 'a3', 'b3')}, clk=10)
453:	State(p={('on', 'b3', 'table'), ('on', 'b4', 'b3'), ('on', 'b1', 'b4'), ('hold', 'a2', 'b2')}, clk=10)
454:	State(p={('on', 'b4', 'b3'), ('on', 'b3', 'table'), ('on', 'b2', 'b4'), ('hold', 'a1', 'b1')}, clk=10)
455:	State(p={('on', 'b3', 'b1'), ('on', 'b1', 'b4'), ('on', 'b4', 'table'), ('hold', 'a2', 'b2')}, clk=10)
456:	State(p={('hold', 'a1', 'b1'), ('on', 'b4', 'b2'), ('on', 'b2', 'table'), ('hold', 'a3', 'b3')}, clk=10)
457:	State(p={('on', 'b1', 'b4'), ('on', 'b4', 'b2'), ('on', 'b3', 'b1'), ('on', 'b2', 'table')}, clk=10)
458:	State(p={('hold', 'a3', 'b4'), ('on', 'b1', 'b2'), ('on', 'b2', 'b3'), ('on', 'b3', 'table')}, clk=10)
459:	State(p={('on', 'b4', 'b2'), ('on', 'b2', 'b3'), ('on', 'b3', 'table'), ('hold', 'a1', 'b1')}, clk=10)
460:	State(p={('on', 'b1', 'b4'), ('on', 'b4', 'b2'), ('on', 'b2', 'table'), ('hold', 'a3', 'b3')}, clk=10)
461:	State(p={('on', 'b2', 'table'), ('on', 'b4', 'b2'), ('on', 'b3', 'b4'), ('hold', 'a1', 'b1')}, clk=10)
462:	State(p={('on', 'b1', 'b4'), ('on', 'b4', 'b2'), ('on', 'b2', 'b3'), ('on', 'b3', 'table')}, clk=10)
463:	State(p={('on', 'b1', 'table'), ('on', 'b4', 'b3'), ('on', 'b3', 'b1'), ('on', 'b2', 'b4')}, clk=10)
464:	State(p={('on', 'b1', 'table'), ('on', 'b4', 'b1'), ('on', 'b2', 'b4'), ('hold', 'a3', 'b3')}, clk=10)
465:	State(p={('on', 'b1', 'table'), ('on', 'b4', 'b1'), ('hold', 'a3', 'b3'), ('hold', 'a2', 'b2')}, clk=10)
466:	State(p={('hold', 'a3', 'b4'), ('on', 'b1', 'table'), ('on', 'b3', 'b1'), ('hold', 'a2', 'b2')}, clk=10)
467:	State(p={('hold', 'a3', 'b4'), ('on', 'b1', 'table'), ('on', 'b2', 'b3'), ('on', 'b3', 'b1')}, clk=10)
468:	State(p={('on', 'b1', 'table'), ('on', 'b4', 'b2'), ('on', 'b2', 'b3'), ('on', 'b3', 'b1')}, clk=10)
469:	State(p={('on', 'b1', 'table'), ('on', 'b4', 'b1'), ('on', 'b3', 'b4'), ('hold', 'a2', 'b2')}, clk=10)
470:	State(p={('on', 'b1', 'table'), ('on', 'b4', 'b2'), ('on', 'b2', 'b1'), ('on', 'b3', 'b4')}, clk=10)
471:	State(p={('on', 'b1', 'table'), ('on', 'b4', 'b3'), ('on', 'b3', 'b1'), ('hold', 'a2', 'b2')}, clk=10)
472:	State(p={('on', 'b1', 'b2'), ('on', 'b4', 'b1'), ('on', 'b2', 'table'), ('hold', 'a3', 'b3')}, clk=10)
473:	State(p={('on', 'b1', 'b3'), ('on', 'b4', 'b1'), ('on', 'b2', 'b4'), ('on', 'b3', 'table')}, clk=10)
474:	State(p={('on', 'b1', 'b3'), ('on', 'b4', 'b2'), ('on', 'b2', 'b1'), ('on', 'b3', 'table')}, clk=10)
475:	State(p={('on', 'b1', 'table'), ('on', 'b4', 'b2'), ('on', 'b2', 'b1'), ('hold', 'a3', 'b3')}, clk=10)
476:	State(p={('on', 'b1', 'b2'), ('on', 'b4', 'table'), ('on', 'b2', 'b4'), ('hold', 'a3', 'b3')}, clk=10)
477:	State(p={('on', 'b2', 'b4'), ('on', 'b4', 'table'), ('on', 'b3', 'b2'), ('hold', 'a1', 'b1')}, clk=10)
478:	State(p={('on', 'b1', 'b2'), ('on', 'b3', 'b1'), ('on', 'b4', 'table'), ('on', 'b2', 'b4')}, clk=10)
479:	State(p={('on', 'b1', 'b3'), ('hold', 'a3', 'b4'), ('on', 'b2', 'table'), ('on', 'b3', 'b2')}, clk=10)
480:	State(p={('on', 'b1', 'b3'), ('on', 'b4', 'table'), ('on', 'b3', 'b4'), ('hold', 'a2', 'b2')}, clk=10)
481:	State(p={('on', 'b1', 'b3'), ('on', 'b2', 'b4'), ('on', 'b4', 'table'), ('on', 'b3', 'b2')}, clk=10)
482:	State(p={('hold', 'a3', 'b4'), ('on', 'b3', 'b2'), ('on', 'b2', 'table'), ('hold', 'a1', 'b1')}, clk=10)
483:	State(p={('on', 'b1', 'b2'), ('on', 'b4', 'b3'), ('on', 'b2', 'b4'), ('on', 'b3', 'table')}, clk=10)
484:	State(p={('on', 'b1', 'table'), ('on', 'b4', 'b1'), ('on', 'b2', 'b4'), ('on', 'b3', 'b2')}, clk=10)
485:	State(p={('on', 'b2', 'b3'), ('on', 'b4', 'table'), ('on', 'b3', 'b4'), ('hold', 'a1', 'b1')}, clk=10)
486:	State(p={('on', 'b1', 'table'), ('on', 'b4', 'b1'), ('on', 'b2', 'b3'), ('on', 'b3', 'b4')}, clk=10)
487:	State(p={('hold', 'a3', 'b4'), ('on', 'b1', 'table'), ('on', 'b2', 'b1'), ('on', 'b3', 'b2')}, clk=10)
488:	State(p={('on', 'b4', 'table'), ('on', 'b1', 'b4'), ('on', 'b3', 'b1'), ('on', 'b2', 'b3')}, clk=10)
489:	State(p={('on', 'b1', 'b4'), ('on', 'b3', 'b2'), ('on', 'b4', 'table'), ('on', 'b2', 'b1')}, clk=10)
490:	State(p={('on', 'b1', 'b2'), ('on', 'b2', 'b3'), ('on', 'b4', 'table'), ('on', 'b3', 'b4')}, clk=10)
491:	State(p={('on', 'b2', 'table'), ('on', 'b4', 'b3'), ('on', 'b3', 'b2'), ('hold', 'a1', 'b1')}, clk=10)
492:	State(p={('on', 'b1', 'b2'), ('on', 'b4', 'b3'), ('on', 'b3', 'b1'), ('on', 'b2', 'table')}, clk=10)
493:	State(p={('on', 'b1', 'b3'), ('on', 'b2', 'b1'), ('on', 'b4', 'table'), ('on', 'b3', 'b4')}, clk=10)
494:	State(p={('hold', 'a3', 'b4'), ('on', 'b1', 'b2'), ('on', 'b3', 'b1'), ('on', 'b2', 'table')}, clk=10)
495:	State(p={('on', 'b1', 'b3'), ('on', 'b2', 'table'), ('on', 'b4', 'b1'), ('on', 'b3', 'b2')}, clk=10)
496:	State(p={('on', 'b2', 'table'), ('on', 'b1', 'b2'), ('on', 'b4', 'b1'), ('on', 'b3', 'b4')}, clk=10)
497:	State(p={('on', 'b1', 'table'), ('on', 'b4', 'b3'), ('on', 'b2', 'b1'), ('on', 'b3', 'b2')}, clk=10)
498:	State(p={('on', 'b1', 'b3'), ('on', 'b2', 'table'), ('on', 'b4', 'b2'), ('on', 'b3', 'b4')}, clk=10)
499:	State(p={('on', 'b4', 'b3'), ('on', 'b3', 'b2'), ('on', 'b1', 'b4'), ('on', 'b2', 'table')}, clk=10)
